{"D:\\student\\student-management\\src\\index.js": {"path":"D:\\student\\student-management\\src\\index.js","statementMap":{"0":{"start":{"line":6,"column":16},"end":{"line":6,"column":34}},"1":{"start":{"line":7,"column":22},"end":{"line":7,"column":55}},"2":{"start":{"line":8,"column":48},"end":{"line":8,"column":85}},"3":{"start":{"line":10,"column":12},"end":{"line":10,"column":21}},"4":{"start":{"line":11,"column":13},"end":{"line":11,"column":37}},"5":{"start":{"line":14,"column":0},"end":{"line":14,"column":24}},"6":{"start":{"line":15,"column":0},"end":{"line":15,"column":48}},"7":{"start":{"line":18,"column":0},"end":{"line":31,"column":3}},"8":{"start":{"line":19,"column":2},"end":{"line":30,"column":5}},"9":{"start":{"line":33,"column":0},"end":{"line":33,"column":40}},"10":{"start":{"line":36,"column":0},"end":{"line":36,"column":25}},"11":{"start":{"line":37,"column":0},"end":{"line":37,"column":28}},"12":{"start":{"line":40,"column":15},"end":{"line":43,"column":2}},"13":{"start":{"line":41,"column":2},"end":{"line":41,"column":69}},"14":{"start":{"line":42,"column":2},"end":{"line":42,"column":58}},"15":{"start":{"line":46,"column":0},"end":{"line":52,"column":3}},"16":{"start":{"line":47,"column":2},"end":{"line":47,"column":70}},"17":{"start":{"line":48,"column":2},"end":{"line":51,"column":5}},"18":{"start":{"line":49,"column":4},"end":{"line":49,"column":64}},"19":{"start":{"line":50,"column":4},"end":{"line":50,"column":20}},"20":{"start":{"line":54,"column":0},"end":{"line":54,"column":21}}},"fnMap":{"0":{"name":"(anonymous_0)","decl":{"start":{"line":18,"column":13},"end":{"line":18,"column":14}},"loc":{"start":{"line":18,"column":27},"end":{"line":31,"column":1}},"line":18},"1":{"name":"(anonymous_1)","decl":{"start":{"line":40,"column":32},"end":{"line":40,"column":33}},"loc":{"start":{"line":40,"column":38},"end":{"line":43,"column":1}},"line":40},"2":{"name":"(anonymous_2)","decl":{"start":{"line":46,"column":22},"end":{"line":46,"column":23}},"loc":{"start":{"line":46,"column":28},"end":{"line":52,"column":1}},"line":46},"3":{"name":"(anonymous_3)","decl":{"start":{"line":48,"column":15},"end":{"line":48,"column":16}},"loc":{"start":{"line":48,"column":21},"end":{"line":51,"column":3}},"line":48}},"branchMap":{"0":{"loc":{"start":{"line":11,"column":13},"end":{"line":11,"column":37}},"type":"binary-expr","locations":[{"start":{"line":11,"column":13},"end":{"line":11,"column":29}},{"start":{"line":11,"column":33},"end":{"line":11,"column":37}}],"line":11}},"s":{"0":0,"1":0,"2":0,"3":0,"4":0,"5":0,"6":0,"7":0,"8":0,"9":0,"10":0,"11":0,"12":0,"13":0,"14":0,"15":0,"16":0,"17":0,"18":0,"19":0,"20":0},"f":{"0":0,"1":0,"2":0,"3":0},"b":{"0":[0,0]}}
,"D:\\student\\student-management\\src\\controllers\\studentController.js": {"path":"D:\\student\\student-management\\src\\controllers\\studentController.js","statementMap":{"0":{"start":{"line":12,"column":16},"end":{"line":12,"column":53}},"1":{"start":{"line":21,"column":2},"end":{"line":27,"column":3}},"2":{"start":{"line":22,"column":21},"end":{"line":22,"column":30}},"3":{"start":{"line":23,"column":19},"end":{"line":23,"column":51}},"4":{"start":{"line":24,"column":4},"end":{"line":24,"column":40}},"5":{"start":{"line":26,"column":4},"end":{"line":26,"column":14}},"6":{"start":{"line":36,"column":2},"end":{"line":42,"column":3}},"7":{"start":{"line":37,"column":24},"end":{"line":37,"column":33}},"8":{"start":{"line":38,"column":19},"end":{"line":38,"column":50}},"9":{"start":{"line":39,"column":4},"end":{"line":39,"column":40}},"10":{"start":{"line":41,"column":4},"end":{"line":41,"column":14}},"11":{"start":{"line":50,"column":2},"end":{"line":56,"column":3}},"12":{"start":{"line":51,"column":26},"end":{"line":51,"column":36}},"13":{"start":{"line":52,"column":19},"end":{"line":52,"column":52}},"14":{"start":{"line":53,"column":4},"end":{"line":53,"column":40}},"15":{"start":{"line":55,"column":4},"end":{"line":55,"column":14}},"16":{"start":{"line":65,"column":2},"end":{"line":70,"column":3}},"17":{"start":{"line":66,"column":19},"end":{"line":66,"column":50}},"18":{"start":{"line":67,"column":4},"end":{"line":67,"column":40}},"19":{"start":{"line":69,"column":4},"end":{"line":69,"column":14}},"20":{"start":{"line":79,"column":2},"end":{"line":85,"column":3}},"21":{"start":{"line":80,"column":26},"end":{"line":80,"column":36}},"22":{"start":{"line":81,"column":19},"end":{"line":81,"column":61}},"23":{"start":{"line":82,"column":4},"end":{"line":82,"column":40}},"24":{"start":{"line":84,"column":4},"end":{"line":84,"column":14}},"25":{"start":{"line":93,"column":2},"end":{"line":99,"column":3}},"26":{"start":{"line":94,"column":26},"end":{"line":94,"column":36}},"27":{"start":{"line":95,"column":19},"end":{"line":95,"column":51}},"28":{"start":{"line":96,"column":4},"end":{"line":96,"column":40}},"29":{"start":{"line":98,"column":4},"end":{"line":98,"column":14}},"30":{"start":{"line":102,"column":0},"end":{"line":109,"column":2}}},"fnMap":{"0":{"name":"getAllStudents","decl":{"start":{"line":20,"column":9},"end":{"line":20,"column":23}},"loc":{"start":{"line":20,"column":40},"end":{"line":28,"column":1}},"line":20},"1":{"name":"searchStudents","decl":{"start":{"line":35,"column":9},"end":{"line":35,"column":23}},"loc":{"start":{"line":35,"column":40},"end":{"line":43,"column":1}},"line":35},"2":{"name":"getStudentById","decl":{"start":{"line":49,"column":9},"end":{"line":49,"column":23}},"loc":{"start":{"line":49,"column":40},"end":{"line":57,"column":1}},"line":49},"3":{"name":"createStudent","decl":{"start":{"line":64,"column":9},"end":{"line":64,"column":22}},"loc":{"start":{"line":64,"column":39},"end":{"line":71,"column":1}},"line":64},"4":{"name":"updateStudent","decl":{"start":{"line":78,"column":9},"end":{"line":78,"column":22}},"loc":{"start":{"line":78,"column":39},"end":{"line":86,"column":1}},"line":78},"5":{"name":"deleteStudent","decl":{"start":{"line":92,"column":9},"end":{"line":92,"column":22}},"loc":{"start":{"line":92,"column":39},"end":{"line":100,"column":1}},"line":92}},"branchMap":{},"s":{"0":0,"1":0,"2":0,"3":0,"4":0,"5":0,"6":0,"7":0,"8":0,"9":0,"10":0,"11":0,"12":0,"13":0,"14":0,"15":0,"16":0,"17":0,"18":0,"19":0,"20":0,"21":0,"22":0,"23":0,"24":0,"25":0,"26":0,"27":0,"28":0,"29":0,"30":0},"f":{"0":0,"1":0,"2":0,"3":0,"4":0,"5":0},"b":{}}
,"D:\\student\\student-management\\src\\middlewares\\errorHandler.js": {"path":"D:\\student\\student-management\\src\\middlewares\\errorHandler.js","statementMap":{"0":{"start":{"line":12,"column":14},"end":{"line":12,"column":81}},"1":{"start":{"line":13,"column":2},"end":{"line":13,"column":23}},"2":{"start":{"line":14,"column":2},"end":{"line":14,"column":12}},"3":{"start":{"line":22,"column":21},"end":{"line":22,"column":42}},"4":{"start":{"line":23,"column":18},"end":{"line":23,"column":53}},"5":{"start":{"line":26,"column":2},"end":{"line":31,"column":3}},"6":{"start":{"line":27,"column":4},"end":{"line":27,"column":56}},"7":{"start":{"line":28,"column":4},"end":{"line":28,"column":29}},"8":{"start":{"line":30,"column":4},"end":{"line":30,"column":54}},"9":{"start":{"line":33,"column":2},"end":{"line":38,"column":5}},"10":{"start":{"line":41,"column":0},"end":{"line":41,"column":57}}},"fnMap":{"0":{"name":"notFoundHandler","decl":{"start":{"line":11,"column":9},"end":{"line":11,"column":24}},"loc":{"start":{"line":11,"column":41},"end":{"line":15,"column":1}},"line":11},"1":{"name":"globalErrorHandler","decl":{"start":{"line":21,"column":9},"end":{"line":21,"column":27}},"loc":{"start":{"line":21,"column":49},"end":{"line":39,"column":1}},"line":21}},"branchMap":{"0":{"loc":{"start":{"line":22,"column":21},"end":{"line":22,"column":42}},"type":"binary-expr","locations":[{"start":{"line":22,"column":21},"end":{"line":22,"column":35}},{"start":{"line":22,"column":39},"end":{"line":22,"column":42}}],"line":22},"1":{"loc":{"start":{"line":23,"column":18},"end":{"line":23,"column":53}},"type":"binary-expr","locations":[{"start":{"line":23,"column":18},"end":{"line":23,"column":29}},{"start":{"line":23,"column":33},"end":{"line":23,"column":53}}],"line":23},"2":{"loc":{"start":{"line":26,"column":2},"end":{"line":31,"column":3}},"type":"if","locations":[{"start":{"line":26,"column":2},"end":{"line":31,"column":3}},{"start":{"line":29,"column":9},"end":{"line":31,"column":3}}],"line":26},"3":{"loc":{"start":{"line":37,"column":8},"end":{"line":37,"column":70}},"type":"binary-expr","locations":[{"start":{"line":37,"column":8},"end":{"line":37,"column":46}},{"start":{"line":37,"column":50},"end":{"line":37,"column":70}}],"line":37}},"s":{"0":0,"1":0,"2":0,"3":0,"4":0,"5":0,"6":0,"7":0,"8":0,"9":0,"10":0},"f":{"0":0,"1":0},"b":{"0":[0,0],"1":[0,0],"2":[0,0],"3":[0,0]}}
,"D:\\student\\student-management\\src\\models\\Student.js": {"path":"D:\\student\\student-management\\src\\models\\Student.js","statementMap":{"0":{"start":{"line":15,"column":4},"end":{"line":15,"column":31}},"1":{"start":{"line":16,"column":4},"end":{"line":16,"column":29}},"2":{"start":{"line":17,"column":4},"end":{"line":17,"column":35}},"3":{"start":{"line":18,"column":4},"end":{"line":18,"column":37}},"4":{"start":{"line":19,"column":4},"end":{"line":19,"column":31}},"5":{"start":{"line":20,"column":4},"end":{"line":20,"column":46}},"6":{"start":{"line":21,"column":4},"end":{"line":21,"column":46}},"7":{"start":{"line":25,"column":0},"end":{"line":25,"column":25}}},"fnMap":{"0":{"name":"(anonymous_0)","decl":{"start":{"line":14,"column":2},"end":{"line":14,"column":3}},"loc":{"start":{"line":14,"column":77},"end":{"line":22,"column":3}},"line":14}},"branchMap":{},"s":{"0":1,"1":1,"2":1,"3":1,"4":1,"5":1,"6":1,"7":1},"f":{"0":1},"b":{},"_coverageSchema":"1a1c01bbd47fc00a2c39e90264f33305004495a9","hash":"e8bf2cba3aabcb8d609b59559eac186b9f2bb2ac"}
,"D:\\student\\student-management\\src\\repositories\\StudentRepository.js": {"path":"D:\\student\\student-management\\src\\repositories\\StudentRepository.js","statementMap":{"0":{"start":{"line":9,"column":11},"end":{"line":9,"column":24}},"1":{"start":{"line":10,"column":13},"end":{"line":10,"column":28}},"2":{"start":{"line":11,"column":16},"end":{"line":11,"column":44}},"3":{"start":{"line":14,"column":18},"end":{"line":14,"column":66}},"4":{"start":{"line":19,"column":4},"end":{"line":19,"column":23}},"5":{"start":{"line":20,"column":4},"end":{"line":20,"column":25}},"6":{"start":{"line":27,"column":4},"end":{"line":36,"column":5}},"7":{"start":{"line":28,"column":6},"end":{"line":32,"column":7}},"8":{"start":{"line":29,"column":20},"end":{"line":29,"column":55}},"9":{"start":{"line":30,"column":8},"end":{"line":30,"column":40}},"10":{"start":{"line":31,"column":8},"end":{"line":31,"column":86}},"11":{"start":{"line":34,"column":6},"end":{"line":34,"column":96}},"12":{"start":{"line":35,"column":6},"end":{"line":35,"column":25}},"13":{"start":{"line":41,"column":4},"end":{"line":47,"column":5}},"14":{"start":{"line":42,"column":18},"end":{"line":42,"column":41}},"15":{"start":{"line":43,"column":6},"end":{"line":43,"column":70}},"16":{"start":{"line":43,"column":31},"end":{"line":43,"column":70}},"17":{"start":{"line":44,"column":6},"end":{"line":44,"column":83}},"18":{"start":{"line":46,"column":6},"end":{"line":46,"column":71}},"19":{"start":{"line":57,"column":4},"end":{"line":57,"column":30}},"20":{"start":{"line":66,"column":4},"end":{"line":66,"column":72}},"21":{"start":{"line":66,"column":37},"end":{"line":66,"column":62}},"22":{"start":{"line":75,"column":18},"end":{"line":75,"column":39}},"23":{"start":{"line":76,"column":4},"end":{"line":80,"column":6}},"24":{"start":{"line":78,"column":8},"end":{"line":79,"column":48}},"25":{"start":{"line":89,"column":4},"end":{"line":89,"column":64}},"26":{"start":{"line":89,"column":37},"end":{"line":89,"column":62}},"27":{"start":{"line":98,"column":4},"end":{"line":98,"column":32}},"28":{"start":{"line":99,"column":4},"end":{"line":99,"column":23}},"29":{"start":{"line":100,"column":4},"end":{"line":100,"column":19}},"30":{"start":{"line":110,"column":18},"end":{"line":110,"column":75}},"31":{"start":{"line":110,"column":49},"end":{"line":110,"column":74}},"32":{"start":{"line":111,"column":4},"end":{"line":111,"column":34}},"33":{"start":{"line":111,"column":22},"end":{"line":111,"column":34}},"34":{"start":{"line":114,"column":4},"end":{"line":120,"column":6}},"35":{"start":{"line":122,"column":4},"end":{"line":122,"column":23}},"36":{"start":{"line":123,"column":4},"end":{"line":123,"column":32}},"37":{"start":{"line":132,"column":18},"end":{"line":132,"column":75}},"38":{"start":{"line":132,"column":49},"end":{"line":132,"column":74}},"39":{"start":{"line":133,"column":4},"end":{"line":133,"column":35}},"40":{"start":{"line":133,"column":22},"end":{"line":133,"column":35}},"41":{"start":{"line":134,"column":4},"end":{"line":134,"column":35}},"42":{"start":{"line":135,"column":4},"end":{"line":135,"column":23}},"43":{"start":{"line":136,"column":4},"end":{"line":136,"column":16}},"44":{"start":{"line":141,"column":0},"end":{"line":141,"column":41}}},"fnMap":{"0":{"name":"(anonymous_0)","decl":{"start":{"line":17,"column":2},"end":{"line":17,"column":3}},"loc":{"start":{"line":17,"column":16},"end":{"line":21,"column":3}},"line":17},"1":{"name":"(anonymous_1)","decl":{"start":{"line":26,"column":2},"end":{"line":26,"column":3}},"loc":{"start":{"line":26,"column":18},"end":{"line":37,"column":3}},"line":26},"2":{"name":"(anonymous_2)","decl":{"start":{"line":40,"column":2},"end":{"line":40,"column":3}},"loc":{"start":{"line":40,"column":16},"end":{"line":48,"column":3}},"line":40},"3":{"name":"(anonymous_3)","decl":{"start":{"line":56,"column":2},"end":{"line":56,"column":3}},"loc":{"start":{"line":56,"column":12},"end":{"line":58,"column":3}},"line":56},"4":{"name":"(anonymous_4)","decl":{"start":{"line":65,"column":2},"end":{"line":65,"column":3}},"loc":{"start":{"line":65,"column":22},"end":{"line":67,"column":3}},"line":65},"5":{"name":"(anonymous_5)","decl":{"start":{"line":66,"column":30},"end":{"line":66,"column":31}},"loc":{"start":{"line":66,"column":37},"end":{"line":66,"column":62}},"line":66},"6":{"name":"(anonymous_6)","decl":{"start":{"line":74,"column":2},"end":{"line":74,"column":3}},"loc":{"start":{"line":74,"column":18},"end":{"line":81,"column":3}},"line":74},"7":{"name":"(anonymous_7)","decl":{"start":{"line":77,"column":6},"end":{"line":77,"column":7}},"loc":{"start":{"line":78,"column":8},"end":{"line":79,"column":48}},"line":78},"8":{"name":"(anonymous_8)","decl":{"start":{"line":88,"column":2},"end":{"line":88,"column":3}},"loc":{"start":{"line":88,"column":24},"end":{"line":90,"column":3}},"line":88},"9":{"name":"(anonymous_9)","decl":{"start":{"line":89,"column":30},"end":{"line":89,"column":31}},"loc":{"start":{"line":89,"column":37},"end":{"line":89,"column":62}},"line":89},"10":{"name":"(anonymous_10)","decl":{"start":{"line":97,"column":2},"end":{"line":97,"column":3}},"loc":{"start":{"line":97,"column":18},"end":{"line":101,"column":3}},"line":97},"11":{"name":"(anonymous_11)","decl":{"start":{"line":109,"column":2},"end":{"line":109,"column":3}},"loc":{"start":{"line":109,"column":32},"end":{"line":124,"column":3}},"line":109},"12":{"name":"(anonymous_12)","decl":{"start":{"line":110,"column":42},"end":{"line":110,"column":43}},"loc":{"start":{"line":110,"column":49},"end":{"line":110,"column":74}},"line":110},"13":{"name":"(anonymous_13)","decl":{"start":{"line":131,"column":2},"end":{"line":131,"column":3}},"loc":{"start":{"line":131,"column":20},"end":{"line":137,"column":3}},"line":131},"14":{"name":"(anonymous_14)","decl":{"start":{"line":132,"column":42},"end":{"line":132,"column":43}},"loc":{"start":{"line":132,"column":49},"end":{"line":132,"column":74}},"line":132}},"branchMap":{"0":{"loc":{"start":{"line":28,"column":6},"end":{"line":32,"column":7}},"type":"if","locations":[{"start":{"line":28,"column":6},"end":{"line":32,"column":7}},{"start":{},"end":{}}],"line":28},"1":{"loc":{"start":{"line":43,"column":6},"end":{"line":43,"column":70}},"type":"if","locations":[{"start":{"line":43,"column":6},"end":{"line":43,"column":70}},{"start":{},"end":{}}],"line":43},"2":{"loc":{"start":{"line":66,"column":11},"end":{"line":66,"column":71}},"type":"binary-expr","locations":[{"start":{"line":66,"column":11},"end":{"line":66,"column":63}},{"start":{"line":66,"column":67},"end":{"line":66,"column":71}}],"line":66},"3":{"loc":{"start":{"line":78,"column":8},"end":{"line":79,"column":48}},"type":"binary-expr","locations":[{"start":{"line":78,"column":8},"end":{"line":78,"column":49}},{"start":{"line":79,"column":8},"end":{"line":79,"column":48}}],"line":78},"4":{"loc":{"start":{"line":111,"column":4},"end":{"line":111,"column":34}},"type":"if","locations":[{"start":{"line":111,"column":4},"end":{"line":111,"column":34}},{"start":{},"end":{}}],"line":111},"5":{"loc":{"start":{"line":133,"column":4},"end":{"line":133,"column":35}},"type":"if","locations":[{"start":{"line":133,"column":4},"end":{"line":133,"column":35}},{"start":{},"end":{}}],"line":133}},"s":{"0":0,"1":0,"2":0,"3":0,"4":0,"5":0,"6":0,"7":0,"8":0,"9":0,"10":0,"11":0,"12":0,"13":0,"14":0,"15":0,"16":0,"17":0,"18":0,"19":0,"20":0,"21":0,"22":0,"23":0,"24":0,"25":0,"26":0,"27":0,"28":0,"29":0,"30":0,"31":0,"32":0,"33":0,"34":0,"35":0,"36":0,"37":0,"38":0,"39":0,"40":0,"41":0,"42":0,"43":0,"44":0},"f":{"0":0,"1":0,"2":0,"3":0,"4":0,"5":0,"6":0,"7":0,"8":0,"9":0,"10":0,"11":0,"12":0,"13":0,"14":0},"b":{"0":[0,0],"1":[0,0],"2":[0,0],"3":[0,0],"4":[0,0],"5":[0,0]}}
,"D:\\student\\student-management\\src\\routes\\studentRoutes.js": {"path":"D:\\student\\student-management\\src\\routes\\studentRoutes.js","statementMap":{"0":{"start":{"line":6,"column":16},"end":{"line":6,"column":34}},"1":{"start":{"line":7,"column":15},"end":{"line":7,"column":31}},"2":{"start":{"line":8,"column":13},"end":{"line":8,"column":56}},"3":{"start":{"line":14,"column":0},"end":{"line":14,"column":43}},"4":{"start":{"line":17,"column":0},"end":{"line":17,"column":37}},"5":{"start":{"line":20,"column":0},"end":{"line":20,"column":37}},"6":{"start":{"line":23,"column":0},"end":{"line":23,"column":47}},"7":{"start":{"line":26,"column":0},"end":{"line":26,"column":46}},"8":{"start":{"line":29,"column":0},"end":{"line":29,"column":49}},"9":{"start":{"line":31,"column":0},"end":{"line":31,"column":24}}},"fnMap":{},"branchMap":{},"s":{"0":0,"1":0,"2":0,"3":0,"4":0,"5":0,"6":0,"7":0,"8":0,"9":0},"f":{},"b":{}}
,"D:\\student\\student-management\\src\\services\\StudentService.js": {"path":"D:\\student\\student-management\\src\\services\\StudentService.js","statementMap":{"0":{"start":{"line":12,"column":19},"end":{"line":12,"column":63}},"1":{"start":{"line":13,"column":16},"end":{"line":13,"column":44}},"2":{"start":{"line":14,"column":63},"end":{"line":14,"column":93}},"3":{"start":{"line":24,"column":16},"end":{"line":24,"column":26}},"4":{"start":{"line":25,"column":16},"end":{"line":25,"column":37}},"5":{"start":{"line":26,"column":12},"end":{"line":26,"column":53}},"6":{"start":{"line":27,"column":20},"end":{"line":27,"column":55}},"7":{"start":{"line":28,"column":2},"end":{"line":30,"column":3}},"8":{"start":{"line":29,"column":4},"end":{"line":29,"column":10}},"9":{"start":{"line":31,"column":2},"end":{"line":31,"column":13}},"10":{"start":{"line":40,"column":16},"end":{"line":40,"column":37}},"11":{"start":{"line":43,"column":2},"end":{"line":45,"column":3}},"12":{"start":{"line":44,"column":4},"end":{"line":44,"column":63}},"13":{"start":{"line":48,"column":2},"end":{"line":50,"column":3}},"14":{"start":{"line":49,"column":4},"end":{"line":49,"column":73}},"15":{"start":{"line":53,"column":14},"end":{"line":53,"column":39}},"16":{"start":{"line":54,"column":2},"end":{"line":56,"column":3}},"17":{"start":{"line":55,"column":4},"end":{"line":55,"column":90}},"18":{"start":{"line":58,"column":2},"end":{"line":58,"column":25}},"19":{"start":{"line":68,"column":2},"end":{"line":68,"column":34}},"20":{"start":{"line":68,"column":18},"end":{"line":68,"column":34}},"21":{"start":{"line":70,"column":25},"end":{"line":70,"column":45}},"22":{"start":{"line":71,"column":24},"end":{"line":71,"column":93}},"23":{"start":{"line":73,"column":2},"end":{"line":73,"column":54}},"24":{"start":{"line":73,"column":38},"end":{"line":73,"column":54}},"25":{"start":{"line":75,"column":17},"end":{"line":80,"column":4}},"26":{"start":{"line":76,"column":4},"end":{"line":78,"column":5}},"27":{"start":{"line":77,"column":6},"end":{"line":77,"column":52}},"28":{"start":{"line":79,"column":4},"end":{"line":79,"column":31}},"29":{"start":{"line":82,"column":2},"end":{"line":82,"column":54}},"30":{"start":{"line":95,"column":19},"end":{"line":95,"column":39}},"31":{"start":{"line":96,"column":4},"end":{"line":96,"column":44}},"32":{"start":{"line":97,"column":4},"end":{"line":97,"column":24}},"33":{"start":{"line":107,"column":20},"end":{"line":107,"column":50}},"34":{"start":{"line":108,"column":4},"end":{"line":112,"column":5}},"35":{"start":{"line":109,"column":18},"end":{"line":109,"column":76}},"36":{"start":{"line":110,"column":6},"end":{"line":110,"column":27}},"37":{"start":{"line":111,"column":6},"end":{"line":111,"column":16}},"38":{"start":{"line":113,"column":4},"end":{"line":113,"column":23}},"39":{"start":{"line":123,"column":4},"end":{"line":127,"column":5}},"40":{"start":{"line":124,"column":18},"end":{"line":124,"column":67}},"41":{"start":{"line":125,"column":6},"end":{"line":125,"column":27}},"42":{"start":{"line":126,"column":6},"end":{"line":126,"column":16}},"43":{"start":{"line":128,"column":19},"end":{"line":128,"column":52}},"44":{"start":{"line":129,"column":4},"end":{"line":129,"column":44}},"45":{"start":{"line":130,"column":4},"end":{"line":130,"column":48}},"46":{"start":{"line":141,"column":29},"end":{"line":141,"column":64}},"47":{"start":{"line":142,"column":4},"end":{"line":146,"column":5}},"48":{"start":{"line":143,"column":18},"end":{"line":143,"column":34}},"49":{"start":{"line":144,"column":6},"end":{"line":144,"column":27}},"50":{"start":{"line":145,"column":6},"end":{"line":145,"column":16}},"51":{"start":{"line":149,"column":4},"end":{"line":153,"column":5}},"52":{"start":{"line":150,"column":18},"end":{"line":150,"column":75}},"53":{"start":{"line":151,"column":6},"end":{"line":151,"column":27}},"54":{"start":{"line":152,"column":6},"end":{"line":152,"column":16}},"55":{"start":{"line":156,"column":21},"end":{"line":156,"column":59}},"56":{"start":{"line":157,"column":4},"end":{"line":161,"column":5}},"57":{"start":{"line":158,"column":18},"end":{"line":158,"column":45}},"58":{"start":{"line":159,"column":6},"end":{"line":159,"column":27}},"59":{"start":{"line":160,"column":6},"end":{"line":160,"column":16}},"60":{"start":{"line":164,"column":20},"end":{"line":164,"column":38}},"61":{"start":{"line":165,"column":4},"end":{"line":165,"column":31}},"62":{"start":{"line":166,"column":4},"end":{"line":166,"column":23}},"63":{"start":{"line":178,"column":21},"end":{"line":178,"column":51}},"64":{"start":{"line":179,"column":4},"end":{"line":183,"column":5}},"65":{"start":{"line":180,"column":18},"end":{"line":180,"column":76}},"66":{"start":{"line":181,"column":6},"end":{"line":181,"column":27}},"67":{"start":{"line":182,"column":6},"end":{"line":182,"column":16}},"68":{"start":{"line":186,"column":29},"end":{"line":186,"column":64}},"69":{"start":{"line":187,"column":4},"end":{"line":191,"column":5}},"70":{"start":{"line":188,"column":18},"end":{"line":188,"column":34}},"71":{"start":{"line":189,"column":6},"end":{"line":189,"column":27}},"72":{"start":{"line":190,"column":6},"end":{"line":190,"column":16}},"73":{"start":{"line":194,"column":4},"end":{"line":201,"column":5}},"74":{"start":{"line":195,"column":23},"end":{"line":195,"column":61}},"75":{"start":{"line":196,"column":6},"end":{"line":200,"column":7}},"76":{"start":{"line":197,"column":20},"end":{"line":197,"column":47}},"77":{"start":{"line":198,"column":8},"end":{"line":198,"column":29}},"78":{"start":{"line":199,"column":8},"end":{"line":199,"column":18}},"79":{"start":{"line":204,"column":20},"end":{"line":204,"column":55}},"80":{"start":{"line":205,"column":4},"end":{"line":205,"column":23}},"81":{"start":{"line":215,"column":20},"end":{"line":215,"column":48}},"82":{"start":{"line":216,"column":4},"end":{"line":220,"column":5}},"83":{"start":{"line":217,"column":18},"end":{"line":217,"column":76}},"84":{"start":{"line":218,"column":6},"end":{"line":218,"column":27}},"85":{"start":{"line":219,"column":6},"end":{"line":219,"column":16}},"86":{"start":{"line":221,"column":4},"end":{"line":221,"column":69}},"87":{"start":{"line":225,"column":0},"end":{"line":225,"column":38}}},"fnMap":{"0":{"name":"calculateAge","decl":{"start":{"line":23,"column":9},"end":{"line":23,"column":21}},"loc":{"start":{"line":23,"column":35},"end":{"line":32,"column":1}},"line":23},"1":{"name":"validateDateOfBirth","decl":{"start":{"line":39,"column":9},"end":{"line":39,"column":28}},"loc":{"start":{"line":39,"column":42},"end":{"line":59,"column":1}},"line":39},"2":{"name":"sortStudents","decl":{"start":{"line":67,"column":9},"end":{"line":67,"column":21}},"loc":{"start":{"line":67,"column":43},"end":{"line":83,"column":1}},"line":67},"3":{"name":"(anonymous_3)","decl":{"start":{"line":75,"column":36},"end":{"line":75,"column":37}},"loc":{"start":{"line":75,"column":46},"end":{"line":80,"column":3}},"line":75},"4":{"name":"(anonymous_4)","decl":{"start":{"line":94,"column":2},"end":{"line":94,"column":3}},"loc":{"start":{"line":94,"column":32},"end":{"line":98,"column":3}},"line":94},"5":{"name":"(anonymous_5)","decl":{"start":{"line":106,"column":2},"end":{"line":106,"column":3}},"loc":{"start":{"line":106,"column":28},"end":{"line":114,"column":3}},"line":106},"6":{"name":"(anonymous_6)","decl":{"start":{"line":122,"column":2},"end":{"line":122,"column":3}},"loc":{"start":{"line":122,"column":32},"end":{"line":131,"column":3}},"line":122},"7":{"name":"(anonymous_7)","decl":{"start":{"line":139,"column":2},"end":{"line":139,"column":3}},"loc":{"start":{"line":139,"column":22},"end":{"line":167,"column":3}},"line":139},"8":{"name":"(anonymous_8)","decl":{"start":{"line":176,"column":2},"end":{"line":176,"column":3}},"loc":{"start":{"line":176,"column":33},"end":{"line":206,"column":3}},"line":176},"9":{"name":"(anonymous_9)","decl":{"start":{"line":214,"column":2},"end":{"line":214,"column":3}},"loc":{"start":{"line":214,"column":27},"end":{"line":222,"column":3}},"line":214}},"branchMap":{"0":{"loc":{"start":{"line":28,"column":2},"end":{"line":30,"column":3}},"type":"if","locations":[{"start":{"line":28,"column":2},"end":{"line":30,"column":3}},{"start":{},"end":{}}],"line":28},"1":{"loc":{"start":{"line":28,"column":6},"end":{"line":28,"column":77}},"type":"binary-expr","locations":[{"start":{"line":28,"column":6},"end":{"line":28,"column":19}},{"start":{"line":28,"column":24},"end":{"line":28,"column":39}},{"start":{"line":28,"column":43},"end":{"line":28,"column":76}}],"line":28},"2":{"loc":{"start":{"line":43,"column":2},"end":{"line":45,"column":3}},"type":"if","locations":[{"start":{"line":43,"column":2},"end":{"line":45,"column":3}},{"start":{},"end":{}}],"line":43},"3":{"loc":{"start":{"line":48,"column":2},"end":{"line":50,"column":3}},"type":"if","locations":[{"start":{"line":48,"column":2},"end":{"line":50,"column":3}},{"start":{},"end":{}}],"line":48},"4":{"loc":{"start":{"line":54,"column":2},"end":{"line":56,"column":3}},"type":"if","locations":[{"start":{"line":54,"column":2},"end":{"line":56,"column":3}},{"start":{},"end":{}}],"line":54},"5":{"loc":{"start":{"line":68,"column":2},"end":{"line":68,"column":34}},"type":"if","locations":[{"start":{"line":68,"column":2},"end":{"line":68,"column":34}},{"start":{},"end":{}}],"line":68},"6":{"loc":{"start":{"line":73,"column":2},"end":{"line":73,"column":54}},"type":"if","locations":[{"start":{"line":73,"column":2},"end":{"line":73,"column":54}},{"start":{},"end":{}}],"line":73},"7":{"loc":{"start":{"line":76,"column":4},"end":{"line":78,"column":5}},"type":"if","locations":[{"start":{"line":76,"column":4},"end":{"line":78,"column":5}},{"start":{},"end":{}}],"line":76},"8":{"loc":{"start":{"line":82,"column":9},"end":{"line":82,"column":53}},"type":"cond-expr","locations":[{"start":{"line":82,"column":28},"end":{"line":82,"column":44}},{"start":{"line":82,"column":47},"end":{"line":82,"column":53}}],"line":82},"9":{"loc":{"start":{"line":94,"column":17},"end":{"line":94,"column":30}},"type":"default-arg","locations":[{"start":{"line":94,"column":28},"end":{"line":94,"column":30}}],"line":94},"10":{"loc":{"start":{"line":108,"column":4},"end":{"line":112,"column":5}},"type":"if","locations":[{"start":{"line":108,"column":4},"end":{"line":112,"column":5}},{"start":{},"end":{}}],"line":108},"11":{"loc":{"start":{"line":123,"column":4},"end":{"line":127,"column":5}},"type":"if","locations":[{"start":{"line":123,"column":4},"end":{"line":127,"column":5}},{"start":{},"end":{}}],"line":123},"12":{"loc":{"start":{"line":123,"column":8},"end":{"line":123,"column":35}},"type":"binary-expr","locations":[{"start":{"line":123,"column":8},"end":{"line":123,"column":16}},{"start":{"line":123,"column":20},"end":{"line":123,"column":35}}],"line":123},"13":{"loc":{"start":{"line":142,"column":4},"end":{"line":146,"column":5}},"type":"if","locations":[{"start":{"line":142,"column":4},"end":{"line":146,"column":5}},{"start":{},"end":{}}],"line":142},"14":{"loc":{"start":{"line":149,"column":4},"end":{"line":153,"column":5}},"type":"if","locations":[{"start":{"line":149,"column":4},"end":{"line":153,"column":5}},{"start":{},"end":{}}],"line":149},"15":{"loc":{"start":{"line":157,"column":4},"end":{"line":161,"column":5}},"type":"if","locations":[{"start":{"line":157,"column":4},"end":{"line":161,"column":5}},{"start":{},"end":{}}],"line":157},"16":{"loc":{"start":{"line":179,"column":4},"end":{"line":183,"column":5}},"type":"if","locations":[{"start":{"line":179,"column":4},"end":{"line":183,"column":5}},{"start":{},"end":{}}],"line":179},"17":{"loc":{"start":{"line":187,"column":4},"end":{"line":191,"column":5}},"type":"if","locations":[{"start":{"line":187,"column":4},"end":{"line":191,"column":5}},{"start":{},"end":{}}],"line":187},"18":{"loc":{"start":{"line":194,"column":4},"end":{"line":201,"column":5}},"type":"if","locations":[{"start":{"line":194,"column":4},"end":{"line":201,"column":5}},{"start":{},"end":{}}],"line":194},"19":{"loc":{"start":{"line":196,"column":6},"end":{"line":200,"column":7}},"type":"if","locations":[{"start":{"line":196,"column":6},"end":{"line":200,"column":7}},{"start":{},"end":{}}],"line":196},"20":{"loc":{"start":{"line":216,"column":4},"end":{"line":220,"column":5}},"type":"if","locations":[{"start":{"line":216,"column":4},"end":{"line":220,"column":5}},{"start":{},"end":{}}],"line":216}},"s":{"0":1,"1":1,"2":1,"3":2,"4":2,"5":2,"6":2,"7":2,"8":1,"9":2,"10":3,"11":3,"12":0,"13":3,"14":1,"15":2,"16":2,"17":1,"18":1,"19":5,"20":3,"21":2,"22":2,"23":2,"24":0,"25":2,"26":2,"27":0,"28":2,"29":2,"30":4,"31":4,"32":4,"33":3,"34":3,"35":2,"36":2,"37":2,"38":1,"39":3,"40":2,"41":2,"42":2,"43":1,"44":1,"45":1,"46":7,"47":7,"48":3,"49":3,"50":3,"51":4,"52":1,"53":1,"54":1,"55":3,"56":3,"57":2,"58":2,"59":2,"60":1,"61":1,"62":1,"63":3,"64":3,"65":1,"66":1,"67":1,"68":2,"69":2,"70":1,"71":1,"72":1,"73":1,"74":0,"75":0,"76":0,"77":0,"78":0,"79":1,"80":1,"81":2,"82":2,"83":1,"84":1,"85":1,"86":1,"87":1},"f":{"0":2,"1":3,"2":5,"3":2,"4":4,"5":3,"6":3,"7":7,"8":3,"9":2},"b":{"0":[1,1],"1":[2,1,0],"2":[0,3],"3":[1,2],"4":[1,1],"5":[3,2],"6":[0,2],"7":[0,2],"8":[1,1],"9":[2],"10":[2,1],"11":[2,1],"12":[3,2],"13":[3,4],"14":[1,3],"15":[2,1],"16":[1,2],"17":[1,1],"18":[0,1],"19":[0,0],"20":[1,1]},"_coverageSchema":"1a1c01bbd47fc00a2c39e90264f33305004495a9","hash":"cf12d6afcf3afe5ad7199f744c91fb963467e329"}
,"D:\\student\\student-management\\src\\utils\\validation.js": {"path":"D:\\student\\student-management\\src\\utils\\validation.js","statementMap":{"0":{"start":{"line":6,"column":12},"end":{"line":6,"column":26}},"1":{"start":{"line":9,"column":28},"end":{"line":56,"column":2}},"2":{"start":{"line":59,"column":28},"end":{"line":80,"column":9}},"3":{"start":{"line":89,"column":27},"end":{"line":89,"column":91}},"4":{"start":{"line":90,"column":2},"end":{"line":93,"column":3}},"5":{"start":{"line":91,"column":20},"end":{"line":91,"column":66}},"6":{"start":{"line":91,"column":45},"end":{"line":91,"column":54}},"7":{"start":{"line":92,"column":4},"end":{"line":92,"column":43}},"8":{"start":{"line":94,"column":2},"end":{"line":94,"column":32}},"9":{"start":{"line":97,"column":0},"end":{"line":97,"column":72}}},"fnMap":{"0":{"name":"validate","decl":{"start":{"line":88,"column":9},"end":{"line":88,"column":17}},"loc":{"start":{"line":88,"column":32},"end":{"line":95,"column":1}},"line":88},"1":{"name":"(anonymous_1)","decl":{"start":{"line":91,"column":38},"end":{"line":91,"column":39}},"loc":{"start":{"line":91,"column":45},"end":{"line":91,"column":54}},"line":91}},"branchMap":{"0":{"loc":{"start":{"line":90,"column":2},"end":{"line":93,"column":3}},"type":"if","locations":[{"start":{"line":90,"column":2},"end":{"line":93,"column":3}},{"start":{},"end":{}}],"line":90}},"s":{"0":1,"1":1,"2":1,"3":9,"4":9,"5":4,"6":4,"7":4,"8":5,"9":1},"f":{"0":9,"1":4},"b":{"0":[4,5]},"_coverageSchema":"1a1c01bbd47fc00a2c39e90264f33305004495a9","hash":"58b7246b0a9d40424f1d9dc54bd16655be4eed66"}
}
