TN:
SF:src\index.js
FN:18,(anonymous_0)
FN:40,(anonymous_1)
FN:46,(anonymous_2)
FN:48,(anonymous_3)
FNF:4
FNH:0
FNDA:0,(anonymous_0)
FNDA:0,(anonymous_1)
FNDA:0,(anonymous_2)
FNDA:0,(anonymous_3)
DA:6,0
DA:7,0
DA:8,0
DA:10,0
DA:11,0
DA:14,0
DA:15,0
DA:18,0
DA:19,0
DA:33,0
DA:36,0
DA:37,0
DA:40,0
DA:41,0
DA:42,0
DA:46,0
DA:47,0
DA:48,0
DA:49,0
DA:50,0
DA:54,0
LF:21
LH:0
BRDA:11,0,0,0
BRDA:11,0,1,0
BRF:2
BRH:0
end_of_record
TN:
SF:src\controllers\studentController.js
FN:20,getAllStudents
FN:35,searchStudents
FN:49,getStudentById
FN:64,createStudent
FN:78,updateStudent
FN:92,deleteStudent
FNF:6
FNH:0
FNDA:0,getAllStudents
FNDA:0,searchStudents
FNDA:0,getStudentById
FNDA:0,createStudent
FNDA:0,updateStudent
FNDA:0,deleteStudent
DA:12,0
DA:21,0
DA:22,0
DA:23,0
DA:24,0
DA:26,0
DA:36,0
DA:37,0
DA:38,0
DA:39,0
DA:41,0
DA:50,0
DA:51,0
DA:52,0
DA:53,0
DA:55,0
DA:65,0
DA:66,0
DA:67,0
DA:69,0
DA:79,0
DA:80,0
DA:81,0
DA:82,0
DA:84,0
DA:93,0
DA:94,0
DA:95,0
DA:96,0
DA:98,0
DA:102,0
LF:31
LH:0
BRF:0
BRH:0
end_of_record
TN:
SF:src\middlewares\errorHandler.js
FN:11,notFoundHandler
FN:21,globalErrorHandler
FNF:2
FNH:0
FNDA:0,notFoundHandler
FNDA:0,globalErrorHandler
DA:12,0
DA:13,0
DA:14,0
DA:22,0
DA:23,0
DA:26,0
DA:27,0
DA:28,0
DA:30,0
DA:33,0
DA:41,0
LF:11
LH:0
BRDA:22,0,0,0
BRDA:22,0,1,0
BRDA:23,1,0,0
BRDA:23,1,1,0
BRDA:26,2,0,0
BRDA:26,2,1,0
BRDA:37,3,0,0
BRDA:37,3,1,0
BRF:8
BRH:0
end_of_record
TN:
SF:src\models\Student.js
FN:14,(anonymous_0)
FNF:1
FNH:1
FNDA:1,(anonymous_0)
DA:15,1
DA:16,1
DA:17,1
DA:18,1
DA:19,1
DA:20,1
DA:21,1
DA:25,1
LF:8
LH:8
BRF:0
BRH:0
end_of_record
TN:
SF:src\repositories\StudentRepository.js
FN:17,(anonymous_0)
FN:26,(anonymous_1)
FN:40,(anonymous_2)
FN:56,(anonymous_3)
FN:65,(anonymous_4)
FN:66,(anonymous_5)
FN:74,(anonymous_6)
FN:77,(anonymous_7)
FN:88,(anonymous_8)
FN:89,(anonymous_9)
FN:97,(anonymous_10)
FN:109,(anonymous_11)
FN:110,(anonymous_12)
FN:131,(anonymous_13)
FN:132,(anonymous_14)
FNF:15
FNH:0
FNDA:0,(anonymous_0)
FNDA:0,(anonymous_1)
FNDA:0,(anonymous_2)
FNDA:0,(anonymous_3)
FNDA:0,(anonymous_4)
FNDA:0,(anonymous_5)
FNDA:0,(anonymous_6)
FNDA:0,(anonymous_7)
FNDA:0,(anonymous_8)
FNDA:0,(anonymous_9)
FNDA:0,(anonymous_10)
FNDA:0,(anonymous_11)
FNDA:0,(anonymous_12)
FNDA:0,(anonymous_13)
FNDA:0,(anonymous_14)
DA:9,0
DA:10,0
DA:11,0
DA:14,0
DA:19,0
DA:20,0
DA:27,0
DA:28,0
DA:29,0
DA:30,0
DA:31,0
DA:34,0
DA:35,0
DA:41,0
DA:42,0
DA:43,0
DA:44,0
DA:46,0
DA:57,0
DA:66,0
DA:75,0
DA:76,0
DA:78,0
DA:89,0
DA:98,0
DA:99,0
DA:100,0
DA:110,0
DA:111,0
DA:114,0
DA:122,0
DA:123,0
DA:132,0
DA:133,0
DA:134,0
DA:135,0
DA:136,0
DA:141,0
LF:38
LH:0
BRDA:28,0,0,0
BRDA:28,0,1,0
BRDA:43,1,0,0
BRDA:43,1,1,0
BRDA:66,2,0,0
BRDA:66,2,1,0
BRDA:78,3,0,0
BRDA:78,3,1,0
BRDA:111,4,0,0
BRDA:111,4,1,0
BRDA:133,5,0,0
BRDA:133,5,1,0
BRF:12
BRH:0
end_of_record
TN:
SF:src\routes\studentRoutes.js
FNF:0
FNH:0
DA:6,0
DA:7,0
DA:8,0
DA:14,0
DA:17,0
DA:20,0
DA:23,0
DA:26,0
DA:29,0
DA:31,0
LF:10
LH:0
BRF:0
BRH:0
end_of_record
TN:
SF:src\services\StudentService.js
FN:23,calculateAge
FN:39,validateDateOfBirth
FN:67,sortStudents
FN:75,(anonymous_3)
FN:94,(anonymous_4)
FN:106,(anonymous_5)
FN:122,(anonymous_6)
FN:139,(anonymous_7)
FN:176,(anonymous_8)
FN:214,(anonymous_9)
FNF:10
FNH:10
FNDA:2,calculateAge
FNDA:3,validateDateOfBirth
FNDA:5,sortStudents
FNDA:2,(anonymous_3)
FNDA:4,(anonymous_4)
FNDA:3,(anonymous_5)
FNDA:3,(anonymous_6)
FNDA:7,(anonymous_7)
FNDA:3,(anonymous_8)
FNDA:2,(anonymous_9)
DA:12,1
DA:13,1
DA:14,1
DA:24,2
DA:25,2
DA:26,2
DA:27,2
DA:28,2
DA:29,1
DA:31,2
DA:40,3
DA:43,3
DA:44,0
DA:48,3
DA:49,1
DA:53,2
DA:54,2
DA:55,1
DA:58,1
DA:68,5
DA:70,2
DA:71,2
DA:73,2
DA:75,2
DA:76,2
DA:77,0
DA:79,2
DA:82,2
DA:95,4
DA:96,4
DA:97,4
DA:107,3
DA:108,3
DA:109,2
DA:110,2
DA:111,2
DA:113,1
DA:123,3
DA:124,2
DA:125,2
DA:126,2
DA:128,1
DA:129,1
DA:130,1
DA:141,7
DA:142,7
DA:143,3
DA:144,3
DA:145,3
DA:149,4
DA:150,1
DA:151,1
DA:152,1
DA:156,3
DA:157,3
DA:158,2
DA:159,2
DA:160,2
DA:164,1
DA:165,1
DA:166,1
DA:178,3
DA:179,3
DA:180,1
DA:181,1
DA:182,1
DA:186,2
DA:187,2
DA:188,1
DA:189,1
DA:190,1
DA:194,1
DA:195,0
DA:196,0
DA:197,0
DA:198,0
DA:199,0
DA:204,1
DA:205,1
DA:215,2
DA:216,2
DA:217,1
DA:218,1
DA:219,1
DA:221,1
DA:225,1
LF:86
LH:79
BRDA:28,0,0,1
BRDA:28,0,1,1
BRDA:28,1,0,2
BRDA:28,1,1,1
BRDA:28,1,2,0
BRDA:43,2,0,0
BRDA:43,2,1,3
BRDA:48,3,0,1
BRDA:48,3,1,2
BRDA:54,4,0,1
BRDA:54,4,1,1
BRDA:68,5,0,3
BRDA:68,5,1,2
BRDA:73,6,0,0
BRDA:73,6,1,2
BRDA:76,7,0,0
BRDA:76,7,1,2
BRDA:82,8,0,1
BRDA:82,8,1,1
BRDA:94,9,0,2
BRDA:108,10,0,2
BRDA:108,10,1,1
BRDA:123,11,0,2
BRDA:123,11,1,1
BRDA:123,12,0,3
BRDA:123,12,1,2
BRDA:142,13,0,3
BRDA:142,13,1,4
BRDA:149,14,0,1
BRDA:149,14,1,3
BRDA:157,15,0,2
BRDA:157,15,1,1
BRDA:179,16,0,1
BRDA:179,16,1,2
BRDA:187,17,0,1
BRDA:187,17,1,1
BRDA:194,18,0,0
BRDA:194,18,1,1
BRDA:196,19,0,0
BRDA:196,19,1,0
BRDA:216,20,0,1
BRDA:216,20,1,1
BRF:42
BRH:35
end_of_record
TN:
SF:src\utils\validation.js
FN:88,validate
FN:91,(anonymous_1)
FNF:2
FNH:2
FNDA:9,validate
FNDA:4,(anonymous_1)
DA:6,1
DA:9,1
DA:59,1
DA:89,9
DA:90,9
DA:91,4
DA:92,4
DA:94,5
DA:97,1
LF:9
LH:9
BRDA:90,0,0,4
BRDA:90,0,1,5
BRF:2
BRH:2
end_of_record
